<?xml version="1.0" encoding="UTF-8"?>
<!-- Generated by org.testng.reporters.JUnitXMLReporter -->
<testsuite ignored="0" hostname="NasDean" failures="1" tests="4" name="Test" time="47.594" errors="0" timestamp="2022-08-23T02:47:20 MYT">
  <testcase classname="SeleniumFramework.HomePage" name="basePageNav" time="4.928"/>
  <testcase classname="SeleniumFramework.HomePage" name="basePageNav" time="4.267"/>
  <testcase classname="SeleniumFramework.validateTitle" name="basePageNav" time="0.081">
    <failure type="java.lang.AssertionError" message="expected [true] but found [false]">
      <![CDATA[java.lang.AssertionError: expected [true] but found [false]
at SeleniumFramework.validateTitle.basePageNav(validateTitle.java:43)
at java.base/java.util.ArrayList.forEach(ArrayList.java:1511)
... Removed 35 stack frames]]>
    </failure>
  </testcase> <!-- basePageNav -->
  <testcase classname="SeleniumFramework.validateNavigationBar" name="basePageNav" time="0.091"/>
</testsuite> <!-- Test -->
